<?xml version="1.0" encoding="UTF-8"?>
<testng-results skipped="0" failed="0" ignored="0" total="1" passed="1">
  <reporter-output>
  </reporter-output>
  <suite name="Default suite" duration-ms="36837" started-at="2020-02-25T10:31:26Z" finished-at="2020-02-25T10:32:03Z">
    <groups>
    </groups>
    <test name="Default test" duration-ms="36837" started-at="2020-02-25T10:31:26Z" finished-at="2020-02-25T10:32:03Z">
      <class name="automationFramework.NewTest">
        <test-method status="PASS" signature="verifyHomepageTitle()[pri:0, instance:automationFramework.NewTest@475530b9]" name="verifyHomepageTitle" duration-ms="36750" started-at="2020-02-25T10:31:26Z" finished-at="2020-02-25T10:32:03Z">
          <reporter-output>
          </reporter-output>
        </test-method> <!-- verifyHomepageTitle -->
      </class> <!-- automationFramework.NewTest -->
    </test> <!-- Default test -->
  </suite> <!-- Default suite -->
</testng-results>
